# JRE version: Java(TM) SE Runtime Environment (7.0_76-b13) (build 1.7.0_76-b13)
# Java VM: Java HotSpot(TM) 64-Bit Server VM (24.76-b04 mixed mode linux-amd64 compressed oops)
Heap
 PSYoungGen      total 12800K, used 496K [0x00000000f0500000, 0x00000000f1200000, 0x0000000100000000)
  eden space 12288K, 0% used [0x00000000f0500000,0x00000000f0500000,0x00000000f1100000)
  from space 512K, 96% used [0x00000000f1100000,0x00000000f117c010,0x00000000f1180000)
  to   space 512K, 0% used [0x00000000f1180000,0x00000000f1180000,0x00000000f1200000)
 ParOldGen       total 14336K, used 10653K [0x00000000d1000000, 0x00000000d1e00000, 0x00000000f0500000)
  object space 14336K, 74% used [0x00000000d1000000,0x00000000d1a67780,0x00000000d1e00000)
 PSPermGen       total 21504K, used 6404K [0x00000000cbe00000, 0x00000000cd300000, 0x00000000d1000000)
  object space 21504K, 29% used [0x00000000cbe00000,0x00000000cc441260,0x00000000cd300000)
GC Heap History (9 events):
Event: 0.383 GC heap before
{Heap before GC invocations=1 (full 0):
 PSYoungGen      total 3584K, used 3072K [0x00000000f0500000, 0x00000000f0900000, 0x0000000100000000)
  eden space 3072K, 100% used [0x00000000f0500000,0x00000000f0800000,0x00000000f0800000)
  from space 512K, 0% used [0x00000000f0880000,0x00000000f0880000,0x00000000f0900000)
  to   space 512K, 0% used [0x00000000f0800000,0x00000000f0800000,0x00000000f0880000)
 ParOldGen       total 5632K, used 0K [0x00000000d1000000, 0x00000000d1580000, 0x00000000f0500000)
  object space 5632K, 0% used [0x00000000d1000000,0x00000000d1000000,0x00000000d1580000)
 PSPermGen       total 21504K, used 3800K [0x00000000cbe00000, 0x00000000cd300000, 0x00000000d1000000)
  object space 21504K, 17% used [0x00000000cbe00000,0x00000000cc1b6228,0x00000000cd300000)
Event: 0.388 GC heap after
Heap after GC invocations=1 (full 0):
 PSYoungGen      total 3584K, used 512K [0x00000000f0500000, 0x00000000f0c00000, 0x0000000100000000)
  eden space 3072K, 0% used [0x00000000f0500000,0x00000000f0500000,0x00000000f0800000)
  from space 512K, 100% used [0x00000000f0800000,0x00000000f0880000,0x00000000f0880000)
  to   space 512K, 0% used [0x00000000f0b80000,0x00000000f0b80000,0x00000000f0c00000)
 ParOldGen       total 5632K, used 351K [0x00000000d1000000, 0x00000000d1580000, 0x00000000f0500000)
  object space 5632K, 6% used [0x00000000d1000000,0x00000000d1057d98,0x00000000d1580000)
 PSPermGen       total 21504K, used 3800K [0x00000000cbe00000, 0x00000000cd300000, 0x00000000d1000000)
  object space 21504K, 17% used [0x00000000cbe00000,0x00000000cc1b6228,0x00000000cd300000)
}
Event: 0.489 GC heap before
{Heap before GC invocations=2 (full 0):
 PSYoungGen      total 3584K, used 3584K [0x00000000f0500000, 0x00000000f0c00000, 0x0000000100000000)
  eden space 3072K, 100% used [0x00000000f0500000,0x00000000f0800000,0x00000000f0800000)
  from space 512K, 100% used [0x00000000f0800000,0x00000000f0880000,0x00000000f0880000)
  to   space 512K, 0% used [0x00000000f0b80000,0x00000000f0b80000,0x00000000f0c00000)
 ParOldGen       total 5632K, used 351K [0x00000000d1000000, 0x00000000d1580000, 0x00000000f0500000)
  object space 5632K, 6% used [0x00000000d1000000,0x00000000d1057d98,0x00000000d1580000)
 PSPermGen       total 21504K, used 4985K [0x00000000cbe00000, 0x00000000cd300000, 0x00000000d1000000)
  object space 21504K, 23% used [0x00000000cbe00000,0x00000000cc2de7f0,0x00000000cd300000)
Event: 0.534 GC heap after
Heap after GC invocations=2 (full 0):
 PSYoungGen      total 6656K, used 480K [0x00000000f0500000, 0x00000000f0c00000, 0x0000000100000000)
  eden space 6144K, 0% used [0x00000000f0500000,0x00000000f0500000,0x00000000f0b00000)
  from space 512K, 93% used [0x00000000f0b80000,0x00000000f0bf8020,0x00000000f0c00000)
  to   space 512K, 0% used [0x00000000f0b00000,0x00000000f0b00000,0x00000000f0b80000)
 ParOldGen       total 5632K, used 559K [0x00000000d1000000, 0x00000000d1580000, 0x00000000f0500000)
  object space 5632K, 9% used [0x00000000d1000000,0x00000000d108bd98,0x00000000d1580000)
 PSPermGen       total 21504K, used 4985K [0x00000000cbe00000, 0x00000000cd300000, 0x00000000d1000000)
  object space 21504K, 23% used [0x00000000cbe00000,0x00000000cc2de7f0,0x00000000cd300000)
}
Event: 0.712 GC heap before
{Heap before GC invocations=3 (full 0):
 PSYoungGen      total 6656K, used 6623K [0x00000000f0500000, 0x00000000f0c00000, 0x0000000100000000)
  eden space 6144K, 99% used [0x00000000f0500000,0x00000000f0affd40,0x00000000f0b00000)
  from space 512K, 93% used [0x00000000f0b80000,0x00000000f0bf8020,0x00000000f0c00000)
  to   space 512K, 0% used [0x00000000f0b00000,0x00000000f0b00000,0x00000000f0b80000)
 ParOldGen       total 5632K, used 559K [0x00000000d1000000, 0x00000000d1580000, 0x00000000f0500000)
  object space 5632K, 9% used [0x00000000d1000000,0x00000000d108bd98,0x00000000d1580000)
 PSPermGen       total 21504K, used 5921K [0x00000000cbe00000, 0x00000000cd300000, 0x00000000d1000000)
  object space 21504K, 27% used [0x00000000cbe00000,0x00000000cc3c86d8,0x00000000cd300000)
Event: 0.716 GC heap after
Heap after GC invocations=3 (full 0):
 PSYoungGen      total 6656K, used 498K [0x00000000f0500000, 0x00000000f1200000, 0x0000000100000000)
  eden space 6144K, 0% used [0x00000000f0500000,0x00000000f0500000,0x00000000f0b00000)
  from space 512K, 97% used [0x00000000f0b00000,0x00000000f0b7cb90,0x00000000f0b80000)
  to   space 512K, 0% used [0x00000000f1180000,0x00000000f1180000,0x00000000f1200000)
 ParOldGen       total 5632K, used 1414K [0x00000000d1000000, 0x00000000d1580000, 0x00000000f0500000)
  object space 5632K, 25% used [0x00000000d1000000,0x00000000d11618e8,0x00000000d1580000)
 PSPermGen       total 21504K, used 5921K [0x00000000cbe00000, 0x00000000cd300000, 0x00000000d1000000)
  object space 21504K, 27% used [0x00000000cbe00000,0x00000000cc3c86d8,0x00000000cd300000)
}
Event: 1.620 GC heap before
{Heap before GC invocations=4 (full 0):
 PSYoungGen      total 6656K, used 6346K [0x00000000f0500000, 0x00000000f1200000, 0x0000000100000000)
  eden space 6144K, 95% used [0x00000000f0500000,0x00000000f0ab5d28,0x00000000f0b00000)
  from space 512K, 97% used [0x00000000f0b00000,0x00000000f0b7cb90,0x00000000f0b80000)
  to   space 512K, 0% used [0x00000000f1180000,0x00000000f1180000,0x00000000f1200000)
 ParOldGen       total 5632K, used 1414K [0x00000000d1000000, 0x00000000d1580000, 0x00000000f0500000)
  object space 5632K, 25% used [0x00000000d1000000,0x00000000d11618e8,0x00000000d1580000)
 PSPermGen       total 21504K, used 6368K [0x00000000cbe00000, 0x00000000cd300000, 0x00000000d1000000)
  object space 21504K, 29% used [0x00000000cbe00000,0x00000000cc438100,0x00000000cd300000)
Event: 1.634 GC heap after
Heap after GC invocations=4 (full 0):
 PSYoungGen      total 12800K, used 496K [0x00000000f0500000, 0x00000000f1200000, 0x0000000100000000)
  eden space 12288K, 0% used [0x00000000f0500000,0x00000000f0500000,0x00000000f1100000)
  from space 512K, 96% used [0x00000000f1180000,0x00000000f11fc010,0x00000000f1200000)
  to   space 512K, 0% used [0x00000000f1100000,0x00000000f1100000,0x00000000f1180000)
 ParOldGen       total 5632K, used 2528K [0x00000000d1000000, 0x00000000d1580000, 0x00000000f0500000)
  object space 5632K, 44% used [0x00000000d1000000,0x00000000d12783c0,0x00000000d1580000)
 PSPermGen       total 21504K, used 6368K [0x00000000cbe00000, 0x00000000cd300000, 0x00000000d1000000)
  object space 21504K, 29% used [0x00000000cbe00000,0x00000000cc438100,0x00000000cd300000)
}
Event: 2.268 GC heap before
{Heap before GC invocations=5 (full 0):
 PSYoungGen      total 12800K, used 12688K [0x00000000f0500000, 0x00000000f1200000, 0x0000000100000000)
  eden space 12288K, 99% used [0x00000000f0500000,0x00000000f10e8398,0x00000000f1100000)
  from space 512K, 96% used [0x00000000f1180000,0x00000000f11fc010,0x00000000f1200000)
  to   space 512K, 0% used [0x00000000f1100000,0x00000000f1100000,0x00000000f1180000)
 ParOldGen       total 5632K, used 2528K [0x00000000d1000000, 0x00000000d1580000, 0x00000000f0500000)
  object space 5632K, 44% used [0x00000000d1000000,0x00000000d12783c0,0x00000000d1580000)
 PSPermGen       total 21504K, used 6404K [0x00000000cbe00000, 0x00000000cd300000, 0x00000000d1000000)
  object space 21504K, 29% used [0x00000000cbe00000,0x00000000cc441260,0x00000000cd300000)

